Determining if the pthread_create exist failed with the following output:
Change Dir: /home/mc16766/tiago_public_ws/build/velocity_controllers/CMakeFiles/CMakeTmp

Run Build Command:/usr/bin/make "cmTryCompileExec2333754773/fast"
/usr/bin/make -f CMakeFiles/cmTryCompileExec2333754773.dir/build.make CMakeFiles/cmTryCompileExec2333754773.dir/build
make[1]: Entering directory `/home/mc16766/tiago_public_ws/build/velocity_controllers/CMakeFiles/CMakeTmp'
/usr/bin/cmake -E cmake_progress_report /home/mc16766/tiago_public_ws/build/velocity_controllers/CMakeFiles/CMakeTmp/CMakeFiles 1
Building C object CMakeFiles/cmTryCompileExec2333754773.dir/CheckSymbolExists.c.o
/usr/bin/cc    -o CMakeFiles/cmTryCompileExec2333754773.dir/CheckSymbolExists.c.o   -c /home/mc16766/tiago_public_ws/build/velocity_controllers/CMakeFiles/CMakeTmp/CheckSymbolExists.c
Linking C executable cmTryCompileExec2333754773
/usr/bin/cmake -E cmake_link_script CMakeFiles/cmTryCompileExec2333754773.dir/link.txt --verbose=1
/usr/bin/cc       CMakeFiles/cmTryCompileExec2333754773.dir/CheckSymbolExists.c.o  -o cmTryCompileExec2333754773 -rdynamic 
CMakeFiles/cmTryCompileExec2333754773.dir/CheckSymbolExists.c.o: In function `main':
CheckSymbolExists.c:(.text+0x16): undefined reference to `pthread_create'
collect2: error: ld returned 1 exit status
make[1]: Leaving directory `/home/mc16766/tiago_public_ws/build/velocity_controllers/CMakeFiles/CMakeTmp'
make[1]: *** [cmTryCompileExec2333754773] Error 1
make: *** [cmTryCompileExec2333754773/fast] Error 2

File /home/mc16766/tiago_public_ws/build/velocity_controllers/CMakeFiles/CMakeTmp/CheckSymbolExists.c:
/* */
#include <pthread.h>

int main(int argc, char** argv)
{
  (void)argv;
#ifndef pthread_create
  return ((int*)(&pthread_create))[argc];
#else
  (void)argc;
  return 0;
#endif
}

Determining if the function pthread_create exists in the pthreads failed with the following output:
Change Dir: /home/mc16766/tiago_public_ws/build/velocity_controllers/CMakeFiles/CMakeTmp

Run Build Command:/usr/bin/make "cmTryCompileExec3047304453/fast"
/usr/bin/make -f CMakeFiles/cmTryCompileExec3047304453.dir/build.make CMakeFiles/cmTryCompileExec3047304453.dir/build
make[1]: Entering directory `/home/mc16766/tiago_public_ws/build/velocity_controllers/CMakeFiles/CMakeTmp'
/usr/bin/cmake -E cmake_progress_report /home/mc16766/tiago_public_ws/build/velocity_controllers/CMakeFiles/CMakeTmp/CMakeFiles 1
Building C object CMakeFiles/cmTryCompileExec3047304453.dir/CheckFunctionExists.c.o
/usr/bin/cc   -DCHECK_FUNCTION_EXISTS=pthread_create   -o CMakeFiles/cmTryCompileExec3047304453.dir/CheckFunctionExists.c.o   -c /usr/share/cmake-2.8/Modules/CheckFunctionExists.c
Linking C executable cmTryCompileExec3047304453
/usr/bin/cmake -E cmake_link_script CMakeFiles/cmTryCompileExec3047304453.dir/link.txt --verbose=1
/usr/bin/cc   -DCHECK_FUNCTION_EXISTS=pthread_create    CMakeFiles/cmTryCompileExec3047304453.dir/CheckFunctionExists.c.o  -o cmTryCompileExec3047304453 -rdynamic -lpthreads 
/usr/bin/ld: cannot find -lpthreads
collect2: error: ld returned 1 exit status
make[1]: Leaving directory `/home/mc16766/tiago_public_ws/build/velocity_controllers/CMakeFiles/CMakeTmp'
make[1]: *** [cmTryCompileExec3047304453] Error 1
make: *** [cmTryCompileExec3047304453/fast] Error 2


