Determining if the pthread_create exist failed with the following output:
Change Dir: /home/mc16766/tiago_public_ws/build/diff_drive_controller/CMakeFiles/CMakeTmp

Run Build Command:/usr/bin/make "cmTryCompileExec2810406840/fast"
/usr/bin/make -f CMakeFiles/cmTryCompileExec2810406840.dir/build.make CMakeFiles/cmTryCompileExec2810406840.dir/build
make[1]: Entering directory `/home/mc16766/tiago_public_ws/build/diff_drive_controller/CMakeFiles/CMakeTmp'
/usr/bin/cmake -E cmake_progress_report /home/mc16766/tiago_public_ws/build/diff_drive_controller/CMakeFiles/CMakeTmp/CMakeFiles 1
Building C object CMakeFiles/cmTryCompileExec2810406840.dir/CheckSymbolExists.c.o
/usr/bin/cc    -o CMakeFiles/cmTryCompileExec2810406840.dir/CheckSymbolExists.c.o   -c /home/mc16766/tiago_public_ws/build/diff_drive_controller/CMakeFiles/CMakeTmp/CheckSymbolExists.c
Linking C executable cmTryCompileExec2810406840
/usr/bin/cmake -E cmake_link_script CMakeFiles/cmTryCompileExec2810406840.dir/link.txt --verbose=1
/usr/bin/cc       CMakeFiles/cmTryCompileExec2810406840.dir/CheckSymbolExists.c.o  -o cmTryCompileExec2810406840 -rdynamic 
CMakeFiles/cmTryCompileExec2810406840.dir/CheckSymbolExists.c.o: In function `main':
CheckSymbolExists.c:(.text+0x16): undefined reference to `pthread_create'
collect2: error: ld returned 1 exit status
make[1]: Leaving directory `/home/mc16766/tiago_public_ws/build/diff_drive_controller/CMakeFiles/CMakeTmp'
make[1]: *** [cmTryCompileExec2810406840] Error 1
make: *** [cmTryCompileExec2810406840/fast] Error 2

File /home/mc16766/tiago_public_ws/build/diff_drive_controller/CMakeFiles/CMakeTmp/CheckSymbolExists.c:
/* */
#include <pthread.h>

int main(int argc, char** argv)
{
  (void)argv;
#ifndef pthread_create
  return ((int*)(&pthread_create))[argc];
#else
  (void)argc;
  return 0;
#endif
}

Determining if the function pthread_create exists in the pthreads failed with the following output:
Change Dir: /home/mc16766/tiago_public_ws/build/diff_drive_controller/CMakeFiles/CMakeTmp

Run Build Command:/usr/bin/make "cmTryCompileExec147151982/fast"
/usr/bin/make -f CMakeFiles/cmTryCompileExec147151982.dir/build.make CMakeFiles/cmTryCompileExec147151982.dir/build
make[1]: Entering directory `/home/mc16766/tiago_public_ws/build/diff_drive_controller/CMakeFiles/CMakeTmp'
/usr/bin/cmake -E cmake_progress_report /home/mc16766/tiago_public_ws/build/diff_drive_controller/CMakeFiles/CMakeTmp/CMakeFiles 1
Building C object CMakeFiles/cmTryCompileExec147151982.dir/CheckFunctionExists.c.o
/usr/bin/cc   -DCHECK_FUNCTION_EXISTS=pthread_create   -o CMakeFiles/cmTryCompileExec147151982.dir/CheckFunctionExists.c.o   -c /usr/share/cmake-2.8/Modules/CheckFunctionExists.c
Linking C executable cmTryCompileExec147151982
/usr/bin/cmake -E cmake_link_script CMakeFiles/cmTryCompileExec147151982.dir/link.txt --verbose=1
/usr/bin/cc   -DCHECK_FUNCTION_EXISTS=pthread_create    CMakeFiles/cmTryCompileExec147151982.dir/CheckFunctionExists.c.o  -o cmTryCompileExec147151982 -rdynamic -lpthreads 
/usr/bin/ld: cannot find -lpthreads
collect2: error: ld returned 1 exit status
make[1]: Leaving directory `/home/mc16766/tiago_public_ws/build/diff_drive_controller/CMakeFiles/CMakeTmp'
make[1]: *** [cmTryCompileExec147151982] Error 1
make: *** [cmTryCompileExec147151982/fast] Error 2


