Determining if the pthread_create exist failed with the following output:
Change Dir: /home/mc16766/tiago_public_ws/build/demo_motions/CMakeFiles/CMakeTmp

Run Build Command:/usr/bin/make "cmTryCompileExec3595830309/fast"
/usr/bin/make -f CMakeFiles/cmTryCompileExec3595830309.dir/build.make CMakeFiles/cmTryCompileExec3595830309.dir/build
make[1]: Entering directory `/home/mc16766/tiago_public_ws/build/demo_motions/CMakeFiles/CMakeTmp'
/usr/bin/cmake -E cmake_progress_report /home/mc16766/tiago_public_ws/build/demo_motions/CMakeFiles/CMakeTmp/CMakeFiles 1
Building C object CMakeFiles/cmTryCompileExec3595830309.dir/CheckSymbolExists.c.o
/usr/bin/cc    -o CMakeFiles/cmTryCompileExec3595830309.dir/CheckSymbolExists.c.o   -c /home/mc16766/tiago_public_ws/build/demo_motions/CMakeFiles/CMakeTmp/CheckSymbolExists.c
Linking C executable cmTryCompileExec3595830309
/usr/bin/cmake -E cmake_link_script CMakeFiles/cmTryCompileExec3595830309.dir/link.txt --verbose=1
/usr/bin/cc       CMakeFiles/cmTryCompileExec3595830309.dir/CheckSymbolExists.c.o  -o cmTryCompileExec3595830309 -rdynamic 
CMakeFiles/cmTryCompileExec3595830309.dir/CheckSymbolExists.c.o: In function `main':
CheckSymbolExists.c:(.text+0x16): undefined reference to `pthread_create'
make[1]: Leaving directory `/home/mc16766/tiago_public_ws/build/demo_motions/CMakeFiles/CMakeTmp'
collect2: error: ld returned 1 exit status
make[1]: *** [cmTryCompileExec3595830309] Error 1
make: *** [cmTryCompileExec3595830309/fast] Error 2

File /home/mc16766/tiago_public_ws/build/demo_motions/CMakeFiles/CMakeTmp/CheckSymbolExists.c:
/* */
#include <pthread.h>

int main(int argc, char** argv)
{
  (void)argv;
#ifndef pthread_create
  return ((int*)(&pthread_create))[argc];
#else
  (void)argc;
  return 0;
#endif
}

Determining if the function pthread_create exists in the pthreads failed with the following output:
Change Dir: /home/mc16766/tiago_public_ws/build/demo_motions/CMakeFiles/CMakeTmp

Run Build Command:/usr/bin/make "cmTryCompileExec232389861/fast"
/usr/bin/make -f CMakeFiles/cmTryCompileExec232389861.dir/build.make CMakeFiles/cmTryCompileExec232389861.dir/build
make[1]: Entering directory `/home/mc16766/tiago_public_ws/build/demo_motions/CMakeFiles/CMakeTmp'
/usr/bin/cmake -E cmake_progress_report /home/mc16766/tiago_public_ws/build/demo_motions/CMakeFiles/CMakeTmp/CMakeFiles 1
Building C object CMakeFiles/cmTryCompileExec232389861.dir/CheckFunctionExists.c.o
/usr/bin/cc   -DCHECK_FUNCTION_EXISTS=pthread_create   -o CMakeFiles/cmTryCompileExec232389861.dir/CheckFunctionExists.c.o   -c /usr/share/cmake-2.8/Modules/CheckFunctionExists.c
Linking C executable cmTryCompileExec232389861
/usr/bin/cmake -E cmake_link_script CMakeFiles/cmTryCompileExec232389861.dir/link.txt --verbose=1
/usr/bin/cc   -DCHECK_FUNCTION_EXISTS=pthread_create    CMakeFiles/cmTryCompileExec232389861.dir/CheckFunctionExists.c.o  -o cmTryCompileExec232389861 -rdynamic -lpthreads 
/usr/bin/ld: cannot find -lpthreads
collect2: error: ld returned 1 exit status
make[1]: Leaving directory `/home/mc16766/tiago_public_ws/build/demo_motions/CMakeFiles/CMakeTmp'
make[1]: *** [cmTryCompileExec232389861] Error 1
make: *** [cmTryCompileExec232389861/fast] Error 2


