Determining if the pthread_create exist failed with the following output:
Change Dir: /home/mc16766/tiago_public_ws/build/aruco_msgs/CMakeFiles/CMakeTmp

Run Build Command:/usr/bin/make "cmTryCompileExec3542894352/fast"
/usr/bin/make -f CMakeFiles/cmTryCompileExec3542894352.dir/build.make CMakeFiles/cmTryCompileExec3542894352.dir/build
make[1]: Entering directory `/home/mc16766/tiago_public_ws/build/aruco_msgs/CMakeFiles/CMakeTmp'
/usr/bin/cmake -E cmake_progress_report /home/mc16766/tiago_public_ws/build/aruco_msgs/CMakeFiles/CMakeTmp/CMakeFiles 1
Building C object CMakeFiles/cmTryCompileExec3542894352.dir/CheckSymbolExists.c.o
/usr/bin/cc    -o CMakeFiles/cmTryCompileExec3542894352.dir/CheckSymbolExists.c.o   -c /home/mc16766/tiago_public_ws/build/aruco_msgs/CMakeFiles/CMakeTmp/CheckSymbolExists.c
Linking C executable cmTryCompileExec3542894352
/usr/bin/cmake -E cmake_link_script CMakeFiles/cmTryCompileExec3542894352.dir/link.txt --verbose=1
/usr/bin/cc       CMakeFiles/cmTryCompileExec3542894352.dir/CheckSymbolExists.c.o  -o cmTryCompileExec3542894352 -rdynamic 
CMakeFiles/cmTryCompileExec3542894352.dir/CheckSymbolExists.c.o: In function `main':
CheckSymbolExists.c:(.text+0x16): undefined reference to `pthread_create'
collect2: error: ld returned 1 exit status
make[1]: *** [cmTryCompileExec3542894352] Error 1
make[1]: Leaving directory `/home/mc16766/tiago_public_ws/build/aruco_msgs/CMakeFiles/CMakeTmp'
make: *** [cmTryCompileExec3542894352/fast] Error 2

File /home/mc16766/tiago_public_ws/build/aruco_msgs/CMakeFiles/CMakeTmp/CheckSymbolExists.c:
/* */
#include <pthread.h>

int main(int argc, char** argv)
{
  (void)argv;
#ifndef pthread_create
  return ((int*)(&pthread_create))[argc];
#else
  (void)argc;
  return 0;
#endif
}

Determining if the function pthread_create exists in the pthreads failed with the following output:
Change Dir: /home/mc16766/tiago_public_ws/build/aruco_msgs/CMakeFiles/CMakeTmp

Run Build Command:/usr/bin/make "cmTryCompileExec3941019230/fast"
/usr/bin/make -f CMakeFiles/cmTryCompileExec3941019230.dir/build.make CMakeFiles/cmTryCompileExec3941019230.dir/build
make[1]: Entering directory `/home/mc16766/tiago_public_ws/build/aruco_msgs/CMakeFiles/CMakeTmp'
/usr/bin/cmake -E cmake_progress_report /home/mc16766/tiago_public_ws/build/aruco_msgs/CMakeFiles/CMakeTmp/CMakeFiles 1
Building C object CMakeFiles/cmTryCompileExec3941019230.dir/CheckFunctionExists.c.o
/usr/bin/cc   -DCHECK_FUNCTION_EXISTS=pthread_create   -o CMakeFiles/cmTryCompileExec3941019230.dir/CheckFunctionExists.c.o   -c /usr/share/cmake-2.8/Modules/CheckFunctionExists.c
Linking C executable cmTryCompileExec3941019230
/usr/bin/cmake -E cmake_link_script CMakeFiles/cmTryCompileExec3941019230.dir/link.txt --verbose=1
/usr/bin/cc   -DCHECK_FUNCTION_EXISTS=pthread_create    CMakeFiles/cmTryCompileExec3941019230.dir/CheckFunctionExists.c.o  -o cmTryCompileExec3941019230 -rdynamic -lpthreads 
/usr/bin/ld: cannot find -lpthreads
collect2: error: ld returned 1 exit status
make[1]: *** [cmTryCompileExec3941019230] Error 1
make[1]: Leaving directory `/home/mc16766/tiago_public_ws/build/aruco_msgs/CMakeFiles/CMakeTmp'
make: *** [cmTryCompileExec3941019230/fast] Error 2


