Determining if the pthread_create exist failed with the following output:
Change Dir: /home/mc16766/tiago_public_ws/build/look_to_point/CMakeFiles/CMakeTmp

Run Build Command:/usr/bin/make "cmTryCompileExec1927246376/fast"
/usr/bin/make -f CMakeFiles/cmTryCompileExec1927246376.dir/build.make CMakeFiles/cmTryCompileExec1927246376.dir/build
make[1]: Entering directory `/home/mc16766/tiago_public_ws/build/look_to_point/CMakeFiles/CMakeTmp'
/usr/bin/cmake -E cmake_progress_report /home/mc16766/tiago_public_ws/build/look_to_point/CMakeFiles/CMakeTmp/CMakeFiles 1
Building C object CMakeFiles/cmTryCompileExec1927246376.dir/CheckSymbolExists.c.o
/usr/bin/cc    -o CMakeFiles/cmTryCompileExec1927246376.dir/CheckSymbolExists.c.o   -c /home/mc16766/tiago_public_ws/build/look_to_point/CMakeFiles/CMakeTmp/CheckSymbolExists.c
Linking C executable cmTryCompileExec1927246376
/usr/bin/cmake -E cmake_link_script CMakeFiles/cmTryCompileExec1927246376.dir/link.txt --verbose=1
/usr/bin/cc       CMakeFiles/cmTryCompileExec1927246376.dir/CheckSymbolExists.c.o  -o cmTryCompileExec1927246376 -rdynamic 
CMakeFiles/cmTryCompileExec1927246376.dir/CheckSymbolExists.c.o: In function `main':
CheckSymbolExists.c:(.text+0x16): undefined reference to `pthread_create'
collect2: error: ld returned 1 exit status
make[1]: *** [cmTryCompileExec1927246376] Error 1
make[1]: Leaving directory `/home/mc16766/tiago_public_ws/build/look_to_point/CMakeFiles/CMakeTmp'
make: *** [cmTryCompileExec1927246376/fast] Error 2

File /home/mc16766/tiago_public_ws/build/look_to_point/CMakeFiles/CMakeTmp/CheckSymbolExists.c:
/* */
#include <pthread.h>

int main(int argc, char** argv)
{
  (void)argv;
#ifndef pthread_create
  return ((int*)(&pthread_create))[argc];
#else
  (void)argc;
  return 0;
#endif
}

Determining if the function pthread_create exists in the pthreads failed with the following output:
Change Dir: /home/mc16766/tiago_public_ws/build/look_to_point/CMakeFiles/CMakeTmp

Run Build Command:/usr/bin/make "cmTryCompileExec741547751/fast"
/usr/bin/make -f CMakeFiles/cmTryCompileExec741547751.dir/build.make CMakeFiles/cmTryCompileExec741547751.dir/build
make[1]: Entering directory `/home/mc16766/tiago_public_ws/build/look_to_point/CMakeFiles/CMakeTmp'
/usr/bin/cmake -E cmake_progress_report /home/mc16766/tiago_public_ws/build/look_to_point/CMakeFiles/CMakeTmp/CMakeFiles 1
Building C object CMakeFiles/cmTryCompileExec741547751.dir/CheckFunctionExists.c.o
/usr/bin/cc   -DCHECK_FUNCTION_EXISTS=pthread_create   -o CMakeFiles/cmTryCompileExec741547751.dir/CheckFunctionExists.c.o   -c /usr/share/cmake-2.8/Modules/CheckFunctionExists.c
Linking C executable cmTryCompileExec741547751
/usr/bin/cmake -E cmake_link_script CMakeFiles/cmTryCompileExec741547751.dir/link.txt --verbose=1
/usr/bin/cc   -DCHECK_FUNCTION_EXISTS=pthread_create    CMakeFiles/cmTryCompileExec741547751.dir/CheckFunctionExists.c.o  -o cmTryCompileExec741547751 -rdynamic -lpthreads 
/usr/bin/ld: cannot find -lpthreads
collect2: error: ld returned 1 exit status
make[1]: Leaving directory `/home/mc16766/tiago_public_ws/build/look_to_point/CMakeFiles/CMakeTmp'
make[1]: *** [cmTryCompileExec741547751] Error 1
make: *** [cmTryCompileExec741547751/fast] Error 2


