Determining if the pthread_create exist failed with the following output:
Change Dir: /home/mc16766/tiago_public_ws/build/controller_manager_tests/CMakeFiles/CMakeTmp

Run Build Command:/usr/bin/make "cmTryCompileExec244028710/fast"
/usr/bin/make -f CMakeFiles/cmTryCompileExec244028710.dir/build.make CMakeFiles/cmTryCompileExec244028710.dir/build
make[1]: Entering directory `/home/mc16766/tiago_public_ws/build/controller_manager_tests/CMakeFiles/CMakeTmp'
/usr/bin/cmake -E cmake_progress_report /home/mc16766/tiago_public_ws/build/controller_manager_tests/CMakeFiles/CMakeTmp/CMakeFiles 1
Building C object CMakeFiles/cmTryCompileExec244028710.dir/CheckSymbolExists.c.o
/usr/bin/cc    -o CMakeFiles/cmTryCompileExec244028710.dir/CheckSymbolExists.c.o   -c /home/mc16766/tiago_public_ws/build/controller_manager_tests/CMakeFiles/CMakeTmp/CheckSymbolExists.c
Linking C executable cmTryCompileExec244028710
/usr/bin/cmake -E cmake_link_script CMakeFiles/cmTryCompileExec244028710.dir/link.txt --verbose=1
/usr/bin/cc       CMakeFiles/cmTryCompileExec244028710.dir/CheckSymbolExists.c.o  -o cmTryCompileExec244028710 -rdynamic 
CMakeFiles/cmTryCompileExec244028710.dir/CheckSymbolExists.c.o: In function `main':
CheckSymbolExists.c:(.text+0x16): undefined reference to `pthread_create'
collect2: error: ld returned 1 exit status
make[1]: Leaving directory `/home/mc16766/tiago_public_ws/build/controller_manager_tests/CMakeFiles/CMakeTmp'
make[1]: *** [cmTryCompileExec244028710] Error 1
make: *** [cmTryCompileExec244028710/fast] Error 2

File /home/mc16766/tiago_public_ws/build/controller_manager_tests/CMakeFiles/CMakeTmp/CheckSymbolExists.c:
/* */
#include <pthread.h>

int main(int argc, char** argv)
{
  (void)argv;
#ifndef pthread_create
  return ((int*)(&pthread_create))[argc];
#else
  (void)argc;
  return 0;
#endif
}

Determining if the function pthread_create exists in the pthreads failed with the following output:
Change Dir: /home/mc16766/tiago_public_ws/build/controller_manager_tests/CMakeFiles/CMakeTmp

Run Build Command:/usr/bin/make "cmTryCompileExec1737230744/fast"
/usr/bin/make -f CMakeFiles/cmTryCompileExec1737230744.dir/build.make CMakeFiles/cmTryCompileExec1737230744.dir/build
make[1]: Entering directory `/home/mc16766/tiago_public_ws/build/controller_manager_tests/CMakeFiles/CMakeTmp'
/usr/bin/cmake -E cmake_progress_report /home/mc16766/tiago_public_ws/build/controller_manager_tests/CMakeFiles/CMakeTmp/CMakeFiles 1
Building C object CMakeFiles/cmTryCompileExec1737230744.dir/CheckFunctionExists.c.o
/usr/bin/cc   -DCHECK_FUNCTION_EXISTS=pthread_create   -o CMakeFiles/cmTryCompileExec1737230744.dir/CheckFunctionExists.c.o   -c /usr/share/cmake-2.8/Modules/CheckFunctionExists.c
Linking C executable cmTryCompileExec1737230744
/usr/bin/cmake -E cmake_link_script CMakeFiles/cmTryCompileExec1737230744.dir/link.txt --verbose=1
/usr/bin/cc   -DCHECK_FUNCTION_EXISTS=pthread_create    CMakeFiles/cmTryCompileExec1737230744.dir/CheckFunctionExists.c.o  -o cmTryCompileExec1737230744 -rdynamic -lpthreads 
/usr/bin/ld: cannot find -lpthreads
collect2: error: ld returned 1 exit status
make[1]: Leaving directory `/home/mc16766/tiago_public_ws/build/controller_manager_tests/CMakeFiles/CMakeTmp'
make[1]: *** [cmTryCompileExec1737230744] Error 1
make: *** [cmTryCompileExec1737230744/fast] Error 2


