Determining if the pthread_create exist failed with the following output:
Change Dir: /home/mc16766/tiago_public_ws/build/catkin_tools_prebuild/CMakeFiles/CMakeTmp

Run Build Command:/usr/bin/make "cmTryCompileExec545435847/fast"
/usr/bin/make -f CMakeFiles/cmTryCompileExec545435847.dir/build.make CMakeFiles/cmTryCompileExec545435847.dir/build
make[1]: Entering directory `/home/mc16766/tiago_public_ws/build/catkin_tools_prebuild/CMakeFiles/CMakeTmp'
/usr/bin/cmake -E cmake_progress_report /home/mc16766/tiago_public_ws/build/catkin_tools_prebuild/CMakeFiles/CMakeTmp/CMakeFiles 1
Building C object CMakeFiles/cmTryCompileExec545435847.dir/CheckSymbolExists.c.o
/usr/bin/cc    -o CMakeFiles/cmTryCompileExec545435847.dir/CheckSymbolExists.c.o   -c /home/mc16766/tiago_public_ws/build/catkin_tools_prebuild/CMakeFiles/CMakeTmp/CheckSymbolExists.c
Linking C executable cmTryCompileExec545435847
/usr/bin/cmake -E cmake_link_script CMakeFiles/cmTryCompileExec545435847.dir/link.txt --verbose=1
/usr/bin/cc       CMakeFiles/cmTryCompileExec545435847.dir/CheckSymbolExists.c.o  -o cmTryCompileExec545435847 -rdynamic 
CMakeFiles/cmTryCompileExec545435847.dir/CheckSymbolExists.c.o: In function `main':
CheckSymbolExists.c:(.text+0x16): undefined reference to `pthread_create'
collect2: error: ld returned 1 exit status
make[1]: Leaving directory `/home/mc16766/tiago_public_ws/build/catkin_tools_prebuild/CMakeFiles/CMakeTmp'
make[1]: *** [cmTryCompileExec545435847] Error 1
make: *** [cmTryCompileExec545435847/fast] Error 2

File /home/mc16766/tiago_public_ws/build/catkin_tools_prebuild/CMakeFiles/CMakeTmp/CheckSymbolExists.c:
/* */
#include <pthread.h>

int main(int argc, char** argv)
{
  (void)argv;
#ifndef pthread_create
  return ((int*)(&pthread_create))[argc];
#else
  (void)argc;
  return 0;
#endif
}

Determining if the function pthread_create exists in the pthreads failed with the following output:
Change Dir: /home/mc16766/tiago_public_ws/build/catkin_tools_prebuild/CMakeFiles/CMakeTmp

Run Build Command:/usr/bin/make "cmTryCompileExec913069636/fast"
/usr/bin/make -f CMakeFiles/cmTryCompileExec913069636.dir/build.make CMakeFiles/cmTryCompileExec913069636.dir/build
make[1]: Entering directory `/home/mc16766/tiago_public_ws/build/catkin_tools_prebuild/CMakeFiles/CMakeTmp'
/usr/bin/cmake -E cmake_progress_report /home/mc16766/tiago_public_ws/build/catkin_tools_prebuild/CMakeFiles/CMakeTmp/CMakeFiles 1
Building C object CMakeFiles/cmTryCompileExec913069636.dir/CheckFunctionExists.c.o
/usr/bin/cc   -DCHECK_FUNCTION_EXISTS=pthread_create   -o CMakeFiles/cmTryCompileExec913069636.dir/CheckFunctionExists.c.o   -c /usr/share/cmake-2.8/Modules/CheckFunctionExists.c
Linking C executable cmTryCompileExec913069636
/usr/bin/cmake -E cmake_link_script CMakeFiles/cmTryCompileExec913069636.dir/link.txt --verbose=1
/usr/bin/cc   -DCHECK_FUNCTION_EXISTS=pthread_create    CMakeFiles/cmTryCompileExec913069636.dir/CheckFunctionExists.c.o  -o cmTryCompileExec913069636 -rdynamic -lpthreads 
/usr/bin/ld: cannot find -lpthreads
collect2: error: ld returned 1 exit status
make[1]: Leaving directory `/home/mc16766/tiago_public_ws/build/catkin_tools_prebuild/CMakeFiles/CMakeTmp'
make[1]: *** [cmTryCompileExec913069636] Error 1
make: *** [cmTryCompileExec913069636/fast] Error 2


