Determining if the pthread_create exist failed with the following output:
Change Dir: /home/mc16766/tiago_public_ws/build/pal_detection_msgs/CMakeFiles/CMakeTmp

Run Build Command:/usr/bin/make "cmTryCompileExec3978259086/fast"
/usr/bin/make -f CMakeFiles/cmTryCompileExec3978259086.dir/build.make CMakeFiles/cmTryCompileExec3978259086.dir/build
make[1]: Entering directory `/home/mc16766/tiago_public_ws/build/pal_detection_msgs/CMakeFiles/CMakeTmp'
/usr/bin/cmake -E cmake_progress_report /home/mc16766/tiago_public_ws/build/pal_detection_msgs/CMakeFiles/CMakeTmp/CMakeFiles 1
Building C object CMakeFiles/cmTryCompileExec3978259086.dir/CheckSymbolExists.c.o
/usr/bin/cc    -o CMakeFiles/cmTryCompileExec3978259086.dir/CheckSymbolExists.c.o   -c /home/mc16766/tiago_public_ws/build/pal_detection_msgs/CMakeFiles/CMakeTmp/CheckSymbolExists.c
Linking C executable cmTryCompileExec3978259086
/usr/bin/cmake -E cmake_link_script CMakeFiles/cmTryCompileExec3978259086.dir/link.txt --verbose=1
/usr/bin/cc       CMakeFiles/cmTryCompileExec3978259086.dir/CheckSymbolExists.c.o  -o cmTryCompileExec3978259086 -rdynamic 
CMakeFiles/cmTryCompileExec3978259086.dir/CheckSymbolExists.c.o: In function `main':
CheckSymbolExists.c:(.text+0x16): undefined reference to `pthread_create'
make[1]: Leaving directory `/home/mc16766/tiago_public_ws/build/pal_detection_msgs/CMakeFiles/CMakeTmp'
collect2: error: ld returned 1 exit status
make[1]: *** [cmTryCompileExec3978259086] Error 1
make: *** [cmTryCompileExec3978259086/fast] Error 2

File /home/mc16766/tiago_public_ws/build/pal_detection_msgs/CMakeFiles/CMakeTmp/CheckSymbolExists.c:
/* */
#include <pthread.h>

int main(int argc, char** argv)
{
  (void)argv;
#ifndef pthread_create
  return ((int*)(&pthread_create))[argc];
#else
  (void)argc;
  return 0;
#endif
}

Determining if the function pthread_create exists in the pthreads failed with the following output:
Change Dir: /home/mc16766/tiago_public_ws/build/pal_detection_msgs/CMakeFiles/CMakeTmp

Run Build Command:/usr/bin/make "cmTryCompileExec83291339/fast"
/usr/bin/make -f CMakeFiles/cmTryCompileExec83291339.dir/build.make CMakeFiles/cmTryCompileExec83291339.dir/build
make[1]: Entering directory `/home/mc16766/tiago_public_ws/build/pal_detection_msgs/CMakeFiles/CMakeTmp'
/usr/bin/cmake -E cmake_progress_report /home/mc16766/tiago_public_ws/build/pal_detection_msgs/CMakeFiles/CMakeTmp/CMakeFiles 1
Building C object CMakeFiles/cmTryCompileExec83291339.dir/CheckFunctionExists.c.o
/usr/bin/cc   -DCHECK_FUNCTION_EXISTS=pthread_create   -o CMakeFiles/cmTryCompileExec83291339.dir/CheckFunctionExists.c.o   -c /usr/share/cmake-2.8/Modules/CheckFunctionExists.c
Linking C executable cmTryCompileExec83291339
/usr/bin/cmake -E cmake_link_script CMakeFiles/cmTryCompileExec83291339.dir/link.txt --verbose=1
/usr/bin/cc   -DCHECK_FUNCTION_EXISTS=pthread_create    CMakeFiles/cmTryCompileExec83291339.dir/CheckFunctionExists.c.o  -o cmTryCompileExec83291339 -rdynamic -lpthreads 
/usr/bin/ld: cannot find -lpthreads
collect2: error: ld returned 1 exit status
make[1]: Leaving directory `/home/mc16766/tiago_public_ws/build/pal_detection_msgs/CMakeFiles/CMakeTmp'
make[1]: *** [cmTryCompileExec83291339] Error 1
make: *** [cmTryCompileExec83291339/fast] Error 2


