Determining if the pthread_create exist failed with the following output:
Change Dir: /home/mc16766/tiago_public_ws/build/rqt_controller_manager/CMakeFiles/CMakeTmp

Run Build Command:/usr/bin/make "cmTryCompileExec3524888308/fast"
/usr/bin/make -f CMakeFiles/cmTryCompileExec3524888308.dir/build.make CMakeFiles/cmTryCompileExec3524888308.dir/build
make[1]: Entering directory `/home/mc16766/tiago_public_ws/build/rqt_controller_manager/CMakeFiles/CMakeTmp'
/usr/bin/cmake -E cmake_progress_report /home/mc16766/tiago_public_ws/build/rqt_controller_manager/CMakeFiles/CMakeTmp/CMakeFiles 1
Building C object CMakeFiles/cmTryCompileExec3524888308.dir/CheckSymbolExists.c.o
/usr/bin/cc    -o CMakeFiles/cmTryCompileExec3524888308.dir/CheckSymbolExists.c.o   -c /home/mc16766/tiago_public_ws/build/rqt_controller_manager/CMakeFiles/CMakeTmp/CheckSymbolExists.c
Linking C executable cmTryCompileExec3524888308
/usr/bin/cmake -E cmake_link_script CMakeFiles/cmTryCompileExec3524888308.dir/link.txt --verbose=1
/usr/bin/cc       CMakeFiles/cmTryCompileExec3524888308.dir/CheckSymbolExists.c.o  -o cmTryCompileExec3524888308 -rdynamic 
CMakeFiles/cmTryCompileExec3524888308.dir/CheckSymbolExists.c.o: In function `main':
CheckSymbolExists.c:(.text+0x16): undefined reference to `pthread_create'
collect2: error: ld returned 1 exit status
make[1]: Leaving directory `/home/mc16766/tiago_public_ws/build/rqt_controller_manager/CMakeFiles/CMakeTmp'
make[1]: *** [cmTryCompileExec3524888308] Error 1
make: *** [cmTryCompileExec3524888308/fast] Error 2

File /home/mc16766/tiago_public_ws/build/rqt_controller_manager/CMakeFiles/CMakeTmp/CheckSymbolExists.c:
/* */
#include <pthread.h>

int main(int argc, char** argv)
{
  (void)argv;
#ifndef pthread_create
  return ((int*)(&pthread_create))[argc];
#else
  (void)argc;
  return 0;
#endif
}

Determining if the function pthread_create exists in the pthreads failed with the following output:
Change Dir: /home/mc16766/tiago_public_ws/build/rqt_controller_manager/CMakeFiles/CMakeTmp

Run Build Command:/usr/bin/make "cmTryCompileExec3926614845/fast"
/usr/bin/make -f CMakeFiles/cmTryCompileExec3926614845.dir/build.make CMakeFiles/cmTryCompileExec3926614845.dir/build
make[1]: Entering directory `/home/mc16766/tiago_public_ws/build/rqt_controller_manager/CMakeFiles/CMakeTmp'
/usr/bin/cmake -E cmake_progress_report /home/mc16766/tiago_public_ws/build/rqt_controller_manager/CMakeFiles/CMakeTmp/CMakeFiles 1
Building C object CMakeFiles/cmTryCompileExec3926614845.dir/CheckFunctionExists.c.o
/usr/bin/cc   -DCHECK_FUNCTION_EXISTS=pthread_create   -o CMakeFiles/cmTryCompileExec3926614845.dir/CheckFunctionExists.c.o   -c /usr/share/cmake-2.8/Modules/CheckFunctionExists.c
Linking C executable cmTryCompileExec3926614845
/usr/bin/cmake -E cmake_link_script CMakeFiles/cmTryCompileExec3926614845.dir/link.txt --verbose=1
/usr/bin/cc   -DCHECK_FUNCTION_EXISTS=pthread_create    CMakeFiles/cmTryCompileExec3926614845.dir/CheckFunctionExists.c.o  -o cmTryCompileExec3926614845 -rdynamic -lpthreads 
/usr/bin/ld: cannot find -lpthreads
make[1]: Leaving directory `/home/mc16766/tiago_public_ws/build/rqt_controller_manager/CMakeFiles/CMakeTmp'
collect2: error: ld returned 1 exit status
make[1]: *** [cmTryCompileExec3926614845] Error 1
make: *** [cmTryCompileExec3926614845/fast] Error 2


