Determining if the pthread_create exist failed with the following output:
Change Dir: /home/mc16766/tiago_public_ws/build/pal_wifi_localization_msgs/CMakeFiles/CMakeTmp

Run Build Command:/usr/bin/make "cmTryCompileExec1171249542/fast"
/usr/bin/make -f CMakeFiles/cmTryCompileExec1171249542.dir/build.make CMakeFiles/cmTryCompileExec1171249542.dir/build
make[1]: Entering directory `/home/mc16766/tiago_public_ws/build/pal_wifi_localization_msgs/CMakeFiles/CMakeTmp'
/usr/bin/cmake -E cmake_progress_report /home/mc16766/tiago_public_ws/build/pal_wifi_localization_msgs/CMakeFiles/CMakeTmp/CMakeFiles 1
Building C object CMakeFiles/cmTryCompileExec1171249542.dir/CheckSymbolExists.c.o
/usr/bin/cc    -o CMakeFiles/cmTryCompileExec1171249542.dir/CheckSymbolExists.c.o   -c /home/mc16766/tiago_public_ws/build/pal_wifi_localization_msgs/CMakeFiles/CMakeTmp/CheckSymbolExists.c
Linking C executable cmTryCompileExec1171249542
/usr/bin/cmake -E cmake_link_script CMakeFiles/cmTryCompileExec1171249542.dir/link.txt --verbose=1
/usr/bin/cc       CMakeFiles/cmTryCompileExec1171249542.dir/CheckSymbolExists.c.o  -o cmTryCompileExec1171249542 -rdynamic 
CMakeFiles/cmTryCompileExec1171249542.dir/CheckSymbolExists.c.o: In function `main':
CheckSymbolExists.c:(.text+0x16): undefined reference to `pthread_create'
collect2: error: ld returned 1 exit status
make[1]: *** [cmTryCompileExec1171249542] Error 1
make[1]: Leaving directory `/home/mc16766/tiago_public_ws/build/pal_wifi_localization_msgs/CMakeFiles/CMakeTmp'
make: *** [cmTryCompileExec1171249542/fast] Error 2

File /home/mc16766/tiago_public_ws/build/pal_wifi_localization_msgs/CMakeFiles/CMakeTmp/CheckSymbolExists.c:
/* */
#include <pthread.h>

int main(int argc, char** argv)
{
  (void)argv;
#ifndef pthread_create
  return ((int*)(&pthread_create))[argc];
#else
  (void)argc;
  return 0;
#endif
}

Determining if the function pthread_create exists in the pthreads failed with the following output:
Change Dir: /home/mc16766/tiago_public_ws/build/pal_wifi_localization_msgs/CMakeFiles/CMakeTmp

Run Build Command:/usr/bin/make "cmTryCompileExec921885222/fast"
/usr/bin/make -f CMakeFiles/cmTryCompileExec921885222.dir/build.make CMakeFiles/cmTryCompileExec921885222.dir/build
make[1]: Entering directory `/home/mc16766/tiago_public_ws/build/pal_wifi_localization_msgs/CMakeFiles/CMakeTmp'
/usr/bin/cmake -E cmake_progress_report /home/mc16766/tiago_public_ws/build/pal_wifi_localization_msgs/CMakeFiles/CMakeTmp/CMakeFiles 1
Building C object CMakeFiles/cmTryCompileExec921885222.dir/CheckFunctionExists.c.o
/usr/bin/cc   -DCHECK_FUNCTION_EXISTS=pthread_create   -o CMakeFiles/cmTryCompileExec921885222.dir/CheckFunctionExists.c.o   -c /usr/share/cmake-2.8/Modules/CheckFunctionExists.c
Linking C executable cmTryCompileExec921885222
/usr/bin/cmake -E cmake_link_script CMakeFiles/cmTryCompileExec921885222.dir/link.txt --verbose=1
/usr/bin/cc   -DCHECK_FUNCTION_EXISTS=pthread_create    CMakeFiles/cmTryCompileExec921885222.dir/CheckFunctionExists.c.o  -o cmTryCompileExec921885222 -rdynamic -lpthreads 
/usr/bin/ld: cannot find -lpthreads
collect2: error: ld returned 1 exit status
make[1]: Leaving directory `/home/mc16766/tiago_public_ws/build/pal_wifi_localization_msgs/CMakeFiles/CMakeTmp'
make[1]: *** [cmTryCompileExec921885222] Error 1
make: *** [cmTryCompileExec921885222/fast] Error 2


