Determining if the pthread_create exist failed with the following output:
Change Dir: /home/mc16766/tiago_public_ws/build/aruco_ros/CMakeFiles/CMakeTmp

Run Build Command:/usr/bin/make "cmTryCompileExec4264694286/fast"
/usr/bin/make -f CMakeFiles/cmTryCompileExec4264694286.dir/build.make CMakeFiles/cmTryCompileExec4264694286.dir/build
make[1]: Entering directory `/home/mc16766/tiago_public_ws/build/aruco_ros/CMakeFiles/CMakeTmp'
/usr/bin/cmake -E cmake_progress_report /home/mc16766/tiago_public_ws/build/aruco_ros/CMakeFiles/CMakeTmp/CMakeFiles 1
Building C object CMakeFiles/cmTryCompileExec4264694286.dir/CheckSymbolExists.c.o
/usr/bin/cc    -o CMakeFiles/cmTryCompileExec4264694286.dir/CheckSymbolExists.c.o   -c /home/mc16766/tiago_public_ws/build/aruco_ros/CMakeFiles/CMakeTmp/CheckSymbolExists.c
Linking C executable cmTryCompileExec4264694286
/usr/bin/cmake -E cmake_link_script CMakeFiles/cmTryCompileExec4264694286.dir/link.txt --verbose=1
/usr/bin/cc       CMakeFiles/cmTryCompileExec4264694286.dir/CheckSymbolExists.c.o  -o cmTryCompileExec4264694286 -rdynamic 
CMakeFiles/cmTryCompileExec4264694286.dir/CheckSymbolExists.c.o: In function `main':
CheckSymbolExists.c:(.text+0x16): undefined reference to `pthread_create'
collect2: error: ld returned 1 exit status
make[1]: *** [cmTryCompileExec4264694286] Error 1
make[1]: Leaving directory `/home/mc16766/tiago_public_ws/build/aruco_ros/CMakeFiles/CMakeTmp'
make: *** [cmTryCompileExec4264694286/fast] Error 2

File /home/mc16766/tiago_public_ws/build/aruco_ros/CMakeFiles/CMakeTmp/CheckSymbolExists.c:
/* */
#include <pthread.h>

int main(int argc, char** argv)
{
  (void)argv;
#ifndef pthread_create
  return ((int*)(&pthread_create))[argc];
#else
  (void)argc;
  return 0;
#endif
}

Determining if the function pthread_create exists in the pthreads failed with the following output:
Change Dir: /home/mc16766/tiago_public_ws/build/aruco_ros/CMakeFiles/CMakeTmp

Run Build Command:/usr/bin/make "cmTryCompileExec3344565722/fast"
/usr/bin/make -f CMakeFiles/cmTryCompileExec3344565722.dir/build.make CMakeFiles/cmTryCompileExec3344565722.dir/build
make[1]: Entering directory `/home/mc16766/tiago_public_ws/build/aruco_ros/CMakeFiles/CMakeTmp'
/usr/bin/cmake -E cmake_progress_report /home/mc16766/tiago_public_ws/build/aruco_ros/CMakeFiles/CMakeTmp/CMakeFiles 1
Building C object CMakeFiles/cmTryCompileExec3344565722.dir/CheckFunctionExists.c.o
/usr/bin/cc   -DCHECK_FUNCTION_EXISTS=pthread_create   -o CMakeFiles/cmTryCompileExec3344565722.dir/CheckFunctionExists.c.o   -c /usr/share/cmake-2.8/Modules/CheckFunctionExists.c
Linking C executable cmTryCompileExec3344565722
/usr/bin/cmake -E cmake_link_script CMakeFiles/cmTryCompileExec3344565722.dir/link.txt --verbose=1
/usr/bin/cc   -DCHECK_FUNCTION_EXISTS=pthread_create    CMakeFiles/cmTryCompileExec3344565722.dir/CheckFunctionExists.c.o  -o cmTryCompileExec3344565722 -rdynamic -lpthreads 
/usr/bin/ld: cannot find -lpthreads
collect2: error: ld returned 1 exit status
make[1]: *** [cmTryCompileExec3344565722] Error 1
make[1]: Leaving directory `/home/mc16766/tiago_public_ws/build/aruco_ros/CMakeFiles/CMakeTmp'
make: *** [cmTryCompileExec3344565722/fast] Error 2


