Determining if the pthread_create exist failed with the following output:
Change Dir: /home/mc16766/tiago_public_ws/build/tiago_laser_sensors/CMakeFiles/CMakeTmp

Run Build Command:/usr/bin/make "cmTryCompileExec3181163760/fast"
/usr/bin/make -f CMakeFiles/cmTryCompileExec3181163760.dir/build.make CMakeFiles/cmTryCompileExec3181163760.dir/build
make[1]: Entering directory `/home/mc16766/tiago_public_ws/build/tiago_laser_sensors/CMakeFiles/CMakeTmp'
/usr/bin/cmake -E cmake_progress_report /home/mc16766/tiago_public_ws/build/tiago_laser_sensors/CMakeFiles/CMakeTmp/CMakeFiles 1
Building C object CMakeFiles/cmTryCompileExec3181163760.dir/CheckSymbolExists.c.o
/usr/bin/cc    -o CMakeFiles/cmTryCompileExec3181163760.dir/CheckSymbolExists.c.o   -c /home/mc16766/tiago_public_ws/build/tiago_laser_sensors/CMakeFiles/CMakeTmp/CheckSymbolExists.c
Linking C executable cmTryCompileExec3181163760
/usr/bin/cmake -E cmake_link_script CMakeFiles/cmTryCompileExec3181163760.dir/link.txt --verbose=1
/usr/bin/cc       CMakeFiles/cmTryCompileExec3181163760.dir/CheckSymbolExists.c.o  -o cmTryCompileExec3181163760 -rdynamic 
CMakeFiles/cmTryCompileExec3181163760.dir/CheckSymbolExists.c.o: In function `main':
CheckSymbolExists.c:(.text+0x16): undefined reference to `pthread_create'
collect2: error: ld returned 1 exit status
make[1]: Leaving directory `/home/mc16766/tiago_public_ws/build/tiago_laser_sensors/CMakeFiles/CMakeTmp'
make[1]: *** [cmTryCompileExec3181163760] Error 1
make: *** [cmTryCompileExec3181163760/fast] Error 2

File /home/mc16766/tiago_public_ws/build/tiago_laser_sensors/CMakeFiles/CMakeTmp/CheckSymbolExists.c:
/* */
#include <pthread.h>

int main(int argc, char** argv)
{
  (void)argv;
#ifndef pthread_create
  return ((int*)(&pthread_create))[argc];
#else
  (void)argc;
  return 0;
#endif
}

Determining if the function pthread_create exists in the pthreads failed with the following output:
Change Dir: /home/mc16766/tiago_public_ws/build/tiago_laser_sensors/CMakeFiles/CMakeTmp

Run Build Command:/usr/bin/make "cmTryCompileExec2677365951/fast"
/usr/bin/make -f CMakeFiles/cmTryCompileExec2677365951.dir/build.make CMakeFiles/cmTryCompileExec2677365951.dir/build
make[1]: Entering directory `/home/mc16766/tiago_public_ws/build/tiago_laser_sensors/CMakeFiles/CMakeTmp'
/usr/bin/cmake -E cmake_progress_report /home/mc16766/tiago_public_ws/build/tiago_laser_sensors/CMakeFiles/CMakeTmp/CMakeFiles 1
Building C object CMakeFiles/cmTryCompileExec2677365951.dir/CheckFunctionExists.c.o
/usr/bin/cc   -DCHECK_FUNCTION_EXISTS=pthread_create   -o CMakeFiles/cmTryCompileExec2677365951.dir/CheckFunctionExists.c.o   -c /usr/share/cmake-2.8/Modules/CheckFunctionExists.c
Linking C executable cmTryCompileExec2677365951
/usr/bin/cmake -E cmake_link_script CMakeFiles/cmTryCompileExec2677365951.dir/link.txt --verbose=1
/usr/bin/cc   -DCHECK_FUNCTION_EXISTS=pthread_create    CMakeFiles/cmTryCompileExec2677365951.dir/CheckFunctionExists.c.o  -o cmTryCompileExec2677365951 -rdynamic -lpthreads 
/usr/bin/ld: cannot find -lpthreads
collect2: error: ld returned 1 exit status
make[1]: Leaving directory `/home/mc16766/tiago_public_ws/build/tiago_laser_sensors/CMakeFiles/CMakeTmp'
make[1]: *** [cmTryCompileExec2677365951] Error 1
make: *** [cmTryCompileExec2677365951/fast] Error 2


