Determining if the pthread_create exist failed with the following output:
Change Dir: /home/mc16766/tiago_public_ws/build/aruco/CMakeFiles/CMakeTmp

Run Build Command:/usr/bin/make "cmTryCompileExec3869943235/fast"
/usr/bin/make -f CMakeFiles/cmTryCompileExec3869943235.dir/build.make CMakeFiles/cmTryCompileExec3869943235.dir/build
make[1]: Entering directory `/home/mc16766/tiago_public_ws/build/aruco/CMakeFiles/CMakeTmp'
/usr/bin/cmake -E cmake_progress_report /home/mc16766/tiago_public_ws/build/aruco/CMakeFiles/CMakeTmp/CMakeFiles 1
Building C object CMakeFiles/cmTryCompileExec3869943235.dir/CheckSymbolExists.c.o
/usr/bin/cc    -o CMakeFiles/cmTryCompileExec3869943235.dir/CheckSymbolExists.c.o   -c /home/mc16766/tiago_public_ws/build/aruco/CMakeFiles/CMakeTmp/CheckSymbolExists.c
Linking C executable cmTryCompileExec3869943235
/usr/bin/cmake -E cmake_link_script CMakeFiles/cmTryCompileExec3869943235.dir/link.txt --verbose=1
/usr/bin/cc       CMakeFiles/cmTryCompileExec3869943235.dir/CheckSymbolExists.c.o  -o cmTryCompileExec3869943235 -rdynamic 
CMakeFiles/cmTryCompileExec3869943235.dir/CheckSymbolExists.c.o: In function `main':
CheckSymbolExists.c:(.text+0x16): undefined reference to `pthread_create'
collect2: error: ld returned 1 exit status
make[1]: *** [cmTryCompileExec3869943235] Error 1
make[1]: Leaving directory `/home/mc16766/tiago_public_ws/build/aruco/CMakeFiles/CMakeTmp'
make: *** [cmTryCompileExec3869943235/fast] Error 2

File /home/mc16766/tiago_public_ws/build/aruco/CMakeFiles/CMakeTmp/CheckSymbolExists.c:
/* */
#include <pthread.h>

int main(int argc, char** argv)
{
  (void)argv;
#ifndef pthread_create
  return ((int*)(&pthread_create))[argc];
#else
  (void)argc;
  return 0;
#endif
}

Determining if the function pthread_create exists in the pthreads failed with the following output:
Change Dir: /home/mc16766/tiago_public_ws/build/aruco/CMakeFiles/CMakeTmp

Run Build Command:/usr/bin/make "cmTryCompileExec2247843456/fast"
/usr/bin/make -f CMakeFiles/cmTryCompileExec2247843456.dir/build.make CMakeFiles/cmTryCompileExec2247843456.dir/build
make[1]: Entering directory `/home/mc16766/tiago_public_ws/build/aruco/CMakeFiles/CMakeTmp'
/usr/bin/cmake -E cmake_progress_report /home/mc16766/tiago_public_ws/build/aruco/CMakeFiles/CMakeTmp/CMakeFiles 1
Building C object CMakeFiles/cmTryCompileExec2247843456.dir/CheckFunctionExists.c.o
/usr/bin/cc   -DCHECK_FUNCTION_EXISTS=pthread_create   -o CMakeFiles/cmTryCompileExec2247843456.dir/CheckFunctionExists.c.o   -c /usr/share/cmake-2.8/Modules/CheckFunctionExists.c
Linking C executable cmTryCompileExec2247843456
/usr/bin/cmake -E cmake_link_script CMakeFiles/cmTryCompileExec2247843456.dir/link.txt --verbose=1
/usr/bin/cc   -DCHECK_FUNCTION_EXISTS=pthread_create    CMakeFiles/cmTryCompileExec2247843456.dir/CheckFunctionExists.c.o  -o cmTryCompileExec2247843456 -rdynamic -lpthreads 
/usr/bin/ld: cannot find -lpthreads
collect2: error: ld returned 1 exit status
make[1]: *** [cmTryCompileExec2247843456] Error 1
make[1]: Leaving directory `/home/mc16766/tiago_public_ws/build/aruco/CMakeFiles/CMakeTmp'
make: *** [cmTryCompileExec2247843456/fast] Error 2


